Update .env.example with new GCP key vars at Sat, May 24, 2025 10:20:39 PM
Add fallback to teleconsult if AI triage uncertain at Sun, May 25, 2025  5:41:39 AM
Clean up legacy deploy script references at Sat, May 24, 2025 10:31:38 PM
Improve input validation in symptom checker at Sat, May 24, 2025  7:04:01 PM
Improve error handling in AI module at Sat, May 24, 2025  8:00:25 PM
Update .env.example with new GCP key vars at Sat, May 24, 2025  7:09:28 PM
Refactor health summary generation logic at Sun, May 25, 2025  9:31:41 AM
Refactor health summary generation logic at Sat, May 24, 2025  8:44:34 PM
Update .env.example with new GCP key vars at Sun, May 25, 2025 10:21:00 AM
Fix Dockerfile for alpine compatibility at Sat, May 24, 2025 10:41:06 PM
Fix Dockerfile for alpine compatibility at Sat, May 24, 2025 11:31:59 PM
Rewrite README with updated onboarding steps at Sun, May 25, 2025 10:31:36 AM
Optimize MongoDB queries in patient record fetch at Sun, May 25, 2025  5:37:59 AM
Optimize MongoDB queries in patient record fetch at Sun, May 25, 2025 10:04:35 AM
Improve input validation in symptom checker at Sun, May 25, 2025  1:46:55 AM
Improve error handling in AI module at Sat, May 24, 2025  2:48:07 PM
Add unit tests for prompt interpreter at Sat, May 24, 2025 11:51:30 PM
Refactor health summary generation logic at Sun, May 25, 2025  7:21:28 AM
Improve error handling in AI module at Sat, May 24, 2025  3:22:48 PM
Update .env.example with new GCP key vars at Sat, May 24, 2025 11:07:46 PM
Rewrite README with updated onboarding steps at 2025-05-25T06:09:52Z
Update .env.example with new GCP key vars at 2025-05-24T20:16:12Z
Update .env.example with new GCP key vars at 2025-05-24T20:03:57Z
